<?xml version="1.0" encoding="UTF-8"?>
<robot generator="Robot 7.3.2 (Python 3.12.0 on win32)" generated="2025-10-25T18:36:19.335541" rpa="false" schemaversion="5">
<suite id="s1" name="Prueba2" source="C:\Users\USER\PycharmProjects\soundcloud-robot\prueba2.robot">
<kw name="Open Edge With Default Windows Profile" type="SETUP">
<kw name="Create Directory" owner="OperatingSystem">
<msg time="2025-10-25T18:36:19.986695" level="INFO" html="true">Directory '&lt;a href="file://C:\Users\USER\PycharmProjects\soundcloud-robot\results\downloads"&gt;C:\Users\USER\PycharmProjects\soundcloud-robot\results\downloads&lt;/a&gt;' already exists.</msg>
<arg>${DOWNLOAD_DIR}</arg>
<doc>Creates the specified directory.</doc>
<status status="PASS" start="2025-10-25T18:36:19.986695" elapsed="0.000000"/>
</kw>
<kw name="Create Directory" owner="OperatingSystem">
<msg time="2025-10-25T18:36:19.986695" level="INFO" html="true">Directory '&lt;a href="file://C:\Users\USER\PycharmProjects\soundcloud-robot\results\meta"&gt;C:\Users\USER\PycharmProjects\soundcloud-robot\results\meta&lt;/a&gt;' already exists.</msg>
<arg>${META_DIR}</arg>
<doc>Creates the specified directory.</doc>
<status status="PASS" start="2025-10-25T18:36:19.986695" elapsed="0.001000"/>
</kw>
<kw name="Create Directory" owner="OperatingSystem">
<msg time="2025-10-25T18:36:19.987695" level="INFO" html="true">Directory '&lt;a href="file://C:\Users\USER\PycharmProjects\soundcloud-robot\results\portadas"&gt;C:\Users\USER\PycharmProjects\soundcloud-robot\results\portadas&lt;/a&gt;' already exists.</msg>
<arg>${COVERS_DIR}</arg>
<doc>Creates the specified directory.</doc>
<status status="PASS" start="2025-10-25T18:36:19.987695" elapsed="0.000000"/>
</kw>
<kw name="Get Environment Variable" owner="OperatingSystem">
<msg time="2025-10-25T18:36:19.987695" level="INFO">${LOCALAPPDATA} = C:\Users\USER\AppData\Local</msg>
<var>${LOCALAPPDATA}</var>
<arg>LOCALAPPDATA</arg>
<doc>Returns the value of an environment variable with the given name.</doc>
<status status="PASS" start="2025-10-25T18:36:19.987695" elapsed="0.000000"/>
</kw>
<kw name="Set Variable" owner="BuiltIn">
<msg time="2025-10-25T18:36:19.987695" level="INFO">${USER_DATA} = C:\Users\USER\AppData\Local\Microsoft\Edge\User Data</msg>
<var>${USER_DATA}</var>
<arg>${LOCALAPPDATA}${/}Microsoft${/}Edge${/}User Data</arg>
<doc>Returns the given values which can then be assigned to a variables.</doc>
<status status="PASS" start="2025-10-25T18:36:19.987695" elapsed="0.000999"/>
</kw>
<kw name="Directory Should Exist" owner="OperatingSystem">
<msg time="2025-10-25T18:36:19.988694" level="INFO" html="true">Directory '&lt;a href="file://C:\Users\USER\AppData\Local\Microsoft\Edge\User Data"&gt;C:\Users\USER\AppData\Local\Microsoft\Edge\User Data&lt;/a&gt;' exists.</msg>
<arg>${USER_DATA}</arg>
<arg>No se encuentra User Data de Edge: ${USER_DATA}</arg>
<doc>Fails unless the given path points to an existing directory.</doc>
<status status="PASS" start="2025-10-25T18:36:19.988694" elapsed="0.000000"/>
</kw>
<kw name="Set Variable" owner="BuiltIn">
<msg time="2025-10-25T18:36:19.988694" level="INFO">${LOCAL_STATE} = C:\Users\USER\AppData\Local\Microsoft\Edge\User Data\Local State</msg>
<var>${LOCAL_STATE}</var>
<arg>${USER_DATA}${/}Local State</arg>
<doc>Returns the given values which can then be assigned to a variables.</doc>
<status status="PASS" start="2025-10-25T18:36:19.988694" elapsed="0.000000"/>
</kw>
<kw name="Evaluate" owner="BuiltIn">
<msg time="2025-10-25T18:36:19.989694" level="INFO">${exists} = True</msg>
<var>${exists}</var>
<arg>__import__('os').path.exists(r"""${LOCAL_STATE}""")</arg>
<doc>Evaluates the given expression in Python and returns the result.</doc>
<status status="PASS" start="2025-10-25T18:36:19.988694" elapsed="0.001000"/>
</kw>
<if>
<branch type="IF" condition="${exists}">
<kw name="Evaluate" owner="BuiltIn">
<msg time="2025-10-25T18:36:20.006410" level="INFO">${LAST_USED} = Default</msg>
<var>${LAST_USED}</var>
<arg>__import__('json').load(open(r"""${LOCAL_STATE}""","r",encoding="utf-8")).get("profile",{}).get("last_used","Default")</arg>
<doc>Evaluates the given expression in Python and returns the result.</doc>
<status status="PASS" start="2025-10-25T18:36:19.989694" elapsed="0.016716"/>
</kw>
<status status="PASS" start="2025-10-25T18:36:19.989694" elapsed="0.016716"/>
</branch>
<branch type="ELSE">
<kw name="Set Variable" owner="BuiltIn">
<var>${LAST_USED}</var>
<arg>Default</arg>
<doc>Returns the given values which can then be assigned to a variables.</doc>
<status status="NOT RUN" start="2025-10-25T18:36:20.007411" elapsed="0.000000"/>
</kw>
<status status="NOT RUN" start="2025-10-25T18:36:20.006410" elapsed="0.001001"/>
</branch>
<status status="PASS" start="2025-10-25T18:36:19.989694" elapsed="0.017717"/>
</if>
<kw name="Set Variable" owner="BuiltIn">
<msg time="2025-10-25T18:36:20.007411" level="INFO">${PROFILE_PATH} = C:\Users\USER\AppData\Local\Microsoft\Edge\User Data\Default</msg>
<var>${PROFILE_PATH}</var>
<arg>${USER_DATA}${/}${LAST_USED}</arg>
<doc>Returns the given values which can then be assigned to a variables.</doc>
<status status="PASS" start="2025-10-25T18:36:20.007411" elapsed="0.000000"/>
</kw>
<kw name="Directory Should Exist" owner="OperatingSystem">
<msg time="2025-10-25T18:36:20.008450" level="INFO" html="true">Directory '&lt;a href="file://C:\Users\USER\AppData\Local\Microsoft\Edge\User Data\Default"&gt;C:\Users\USER\AppData\Local\Microsoft\Edge\User Data\Default&lt;/a&gt;' exists.</msg>
<arg>${PROFILE_PATH}</arg>
<arg>El perfil detectado no existe: ${PROFILE_PATH}</arg>
<doc>Fails unless the given path points to an existing directory.</doc>
<status status="PASS" start="2025-10-25T18:36:20.007411" elapsed="0.001039"/>
</kw>
<kw name="Log To Console" owner="BuiltIn">
<arg>🔎 Perfil Edge detectado: ${LAST_USED} → ${PROFILE_PATH}</arg>
<doc>Logs the given message to the console.</doc>
<status status="PASS" start="2025-10-25T18:36:20.008450" elapsed="0.000960"/>
</kw>
<kw name="Run Keyword And Ignore Error" owner="BuiltIn">
<kw name="Run Process" owner="Process">
<msg time="2025-10-25T18:36:20.009410" level="INFO">Starting process:
taskkill /F /IM msedge.exe</msg>
<msg time="2025-10-25T18:36:20.017267" level="INFO">Waiting for process to complete.</msg>
<msg time="2025-10-25T18:36:20.132147" level="INFO">Process completed.</msg>
<arg>taskkill</arg>
<arg>/F</arg>
<arg>/IM</arg>
<arg>msedge.exe</arg>
<arg>shell=True</arg>
<doc>Runs a process and waits for it to complete.</doc>
<status status="PASS" start="2025-10-25T18:36:20.009410" elapsed="0.123737"/>
</kw>
<arg>Run Process</arg>
<arg>taskkill</arg>
<arg>/F</arg>
<arg>/IM</arg>
<arg>msedge.exe</arg>
<arg>shell=True</arg>
<doc>Runs the given keyword with the given arguments and ignores possible error.</doc>
<status status="PASS" start="2025-10-25T18:36:20.009410" elapsed="0.123737"/>
</kw>
<kw name="Sleep" owner="BuiltIn">
<msg time="2025-10-25T18:36:20.633211" level="INFO">Slept 500 milliseconds.</msg>
<arg>0.5 s</arg>
<doc>Pauses the test executed for the given time.</doc>
<status status="PASS" start="2025-10-25T18:36:20.133147" elapsed="0.500064"/>
</kw>
<kw name="List Files In Directory" owner="OperatingSystem">
<msg time="2025-10-25T18:36:20.633800" level="INFO" html="true">Listing contents of directory '&lt;a href="file://C:\Users\USER\AppData\Local\Microsoft\Edge\User Data\Default"&gt;C:\Users\USER\AppData\Local\Microsoft\Edge\User Data\Default&lt;/a&gt;'.</msg>
<msg time="2025-10-25T18:36:20.634235" level="INFO">0 files:
</msg>
<msg time="2025-10-25T18:36:20.634235" level="INFO">${locks} = []</msg>
<var>${locks}</var>
<arg>${PROFILE_PATH}</arg>
<arg>pattern=Singleton*</arg>
<doc>Wrapper for `List Directory` that returns only files.</doc>
<status status="PASS" start="2025-10-25T18:36:20.633211" elapsed="0.001024"/>
</kw>
<for flavor="IN">
<iter>
<kw name="Run Keyword And Ignore Error" owner="BuiltIn">
<arg>Remove File</arg>
<arg>${f}</arg>
<doc>Runs the given keyword with the given arguments and ignores possible error.</doc>
<status status="NOT RUN" start="2025-10-25T18:36:20.634235" elapsed="0.000000"/>
</kw>
<var name="${f}"/>
<status status="NOT RUN" start="2025-10-25T18:36:20.634235" elapsed="0.003973"/>
</iter>
<var>${f}</var>
<value>@{locks}</value>
<status status="NOT RUN" start="2025-10-25T18:36:20.634235" elapsed="0.003973"/>
</for>
<kw name="Run Keyword And Ignore Error" owner="BuiltIn">
<kw name="Remove File" owner="OperatingSystem">
<msg time="2025-10-25T18:36:20.639254" level="INFO" html="true">Removed file '&lt;a href="file://C:\Users\USER\AppData\Local\Microsoft\Edge\User Data\Default\LOCK"&gt;C:\Users\USER\AppData\Local\Microsoft\Edge\User Data\Default\LOCK&lt;/a&gt;'.</msg>
<arg>${PROFILE_PATH}${/}LOCK</arg>
<doc>Removes a file with the given path.</doc>
<status status="PASS" start="2025-10-25T18:36:20.638208" elapsed="0.001046"/>
</kw>
<arg>Remove File</arg>
<arg>${PROFILE_PATH}${/}LOCK</arg>
<doc>Runs the given keyword with the given arguments and ignores possible error.</doc>
<status status="PASS" start="2025-10-25T18:36:20.638208" elapsed="0.001046"/>
</kw>
<kw name="Evaluate" owner="BuiltIn">
<msg time="2025-10-25T18:36:20.639254" level="INFO">${opt} = &lt;selenium.webdriver.edge.options.Options object at 0x0000027A99B0A870&gt;</msg>
<var>${opt}</var>
<arg>__import__('selenium.webdriver.edge.options', fromlist=['Options']).Options()</arg>
<doc>Evaluates the given expression in Python and returns the result.</doc>
<status status="PASS" start="2025-10-25T18:36:20.639254" elapsed="0.000000"/>
</kw>
<kw name="Set Variable" owner="BuiltIn">
<msg time="2025-10-25T18:36:20.640208" level="INFO">${arg_user} = --user-data-dir=C:\Users\USER\AppData\Local\Microsoft\Edge\User Data</msg>
<var>${arg_user}</var>
<arg>--user-data-dir=${USER_DATA}</arg>
<doc>Returns the given values which can then be assigned to a variables.</doc>
<status status="PASS" start="2025-10-25T18:36:20.640208" elapsed="0.000000"/>
</kw>
<kw name="Set Variable" owner="BuiltIn">
<msg time="2025-10-25T18:36:20.640208" level="INFO">${arg_prof} = --profile-directory=Default</msg>
<var>${arg_prof}</var>
<arg>--profile-directory=${LAST_USED}</arg>
<doc>Returns the given values which can then be assigned to a variables.</doc>
<status status="PASS" start="2025-10-25T18:36:20.640208" elapsed="0.000000"/>
</kw>
<kw name="Set Variable" owner="BuiltIn">
<msg time="2025-10-25T18:36:20.640208" level="INFO">${arg_max} = --start-maximized</msg>
<var>${arg_max}</var>
<arg>--start-maximized</arg>
<doc>Returns the given values which can then be assigned to a variables.</doc>
<status status="PASS" start="2025-10-25T18:36:20.640208" elapsed="0.000000"/>
</kw>
<kw name="Set Variable" owner="BuiltIn">
<msg time="2025-10-25T18:36:20.641249" level="INFO">${arg_devshm} = --disable-dev-shm-usage</msg>
<var>${arg_devshm}</var>
<arg>--disable-dev-shm-usage</arg>
<doc>Returns the given values which can then be assigned to a variables.</doc>
<status status="PASS" start="2025-10-25T18:36:20.640208" elapsed="0.001041"/>
</kw>
<kw name="Set Variable" owner="BuiltIn">
<msg time="2025-10-25T18:36:20.641249" level="INFO">${arg_no_first} = --no-first-run</msg>
<var>${arg_no_first}</var>
<arg>--no-first-run</arg>
<doc>Returns the given values which can then be assigned to a variables.</doc>
<status status="PASS" start="2025-10-25T18:36:20.641249" elapsed="0.000000"/>
</kw>
<kw name="Set Variable" owner="BuiltIn">
<msg time="2025-10-25T18:36:20.641249" level="INFO">${arg_no_default} = --no-default-browser-check</msg>
<var>${arg_no_default}</var>
<arg>--no-default-browser-check</arg>
<doc>Returns the given values which can then be assigned to a variables.</doc>
<status status="PASS" start="2025-10-25T18:36:20.641249" elapsed="0.000000"/>
</kw>
<kw name="Call Method" owner="BuiltIn">
<arg>${opt}</arg>
<arg>add_argument</arg>
<arg>${arg_user}</arg>
<doc>Calls the named method of the given object with the provided arguments.</doc>
<status status="PASS" start="2025-10-25T18:36:20.641249" elapsed="0.000959"/>
</kw>
<kw name="Call Method" owner="BuiltIn">
<arg>${opt}</arg>
<arg>add_argument</arg>
<arg>${arg_prof}</arg>
<doc>Calls the named method of the given object with the provided arguments.</doc>
<status status="PASS" start="2025-10-25T18:36:20.642208" elapsed="0.000000"/>
</kw>
<kw name="Call Method" owner="BuiltIn">
<arg>${opt}</arg>
<arg>add_argument</arg>
<arg>${arg_max}</arg>
<doc>Calls the named method of the given object with the provided arguments.</doc>
<status status="PASS" start="2025-10-25T18:36:20.642208" elapsed="0.000000"/>
</kw>
<kw name="Call Method" owner="BuiltIn">
<arg>${opt}</arg>
<arg>add_argument</arg>
<arg>${arg_devshm}</arg>
<doc>Calls the named method of the given object with the provided arguments.</doc>
<status status="PASS" start="2025-10-25T18:36:20.642208" elapsed="0.000000"/>
</kw>
<kw name="Call Method" owner="BuiltIn">
<arg>${opt}</arg>
<arg>add_argument</arg>
<arg>${arg_no_first}</arg>
<doc>Calls the named method of the given object with the provided arguments.</doc>
<status status="PASS" start="2025-10-25T18:36:20.643207" elapsed="0.000000"/>
</kw>
<kw name="Call Method" owner="BuiltIn">
<arg>${opt}</arg>
<arg>add_argument</arg>
<arg>${arg_no_default}</arg>
<doc>Calls the named method of the given object with the provided arguments.</doc>
<status status="PASS" start="2025-10-25T18:36:20.643207" elapsed="0.000000"/>
</kw>
<kw name="Create Dictionary" owner="BuiltIn">
<msg time="2025-10-25T18:36:20.644209" level="INFO">&amp;{prefs} = { download.default_directory=C:\Users\USER\PycharmProjects\soundcloud-robot\results\downloads | download.prompt_for_download=False | download.directory_upgrade=True | safebrowsing.enabled=True }</msg>
<var>&amp;{prefs}</var>
<arg>download.default_directory=${DOWNLOAD_DIR}</arg>
<arg>download.prompt_for_download=${False}</arg>
<arg>download.directory_upgrade=${True}</arg>
<arg>safebrowsing.enabled=${True}</arg>
<doc>Creates and returns a dictionary based on the given ``items``.</doc>
<status status="PASS" start="2025-10-25T18:36:20.643207" elapsed="0.001002"/>
</kw>
<kw name="Call Method" owner="BuiltIn">
<arg>${opt}</arg>
<arg>add_experimental_option</arg>
<arg>prefs</arg>
<arg>${prefs}</arg>
<doc>Calls the named method of the given object with the provided arguments.</doc>
<status status="PASS" start="2025-10-25T18:36:20.644209" elapsed="0.000000"/>
</kw>
<kw name="Create Webdriver" owner="SeleniumLibrary">
<msg time="2025-10-25T18:36:20.644209" level="INFO">Creating an instance of the Edge WebDriver.</msg>
<arg>Edge</arg>
<arg>options=${opt}</arg>
<doc>Creates an instance of Selenium WebDriver.</doc>
<status status="PASS" start="2025-10-25T18:36:20.644209" elapsed="6.223173"/>
</kw>
<kw name="Set Selenium Timeout" owner="SeleniumLibrary">
<arg>${BASE_TIMEOUT}</arg>
<doc>Sets the timeout that is used by various keywords.</doc>
<status status="PASS" start="2025-10-25T18:36:26.867382" elapsed="0.018002"/>
</kw>
<kw name="Log To Console" owner="BuiltIn">
<arg>✅ Edge con perfil real: ${PROFILE_PATH} — Descargas: ${DOWNLOAD_DIR}</arg>
<doc>Logs the given message to the console.</doc>
<status status="PASS" start="2025-10-25T18:36:26.885384" elapsed="0.004998"/>
</kw>
<doc>Abre Edge con el perfil por defecto del usuario (último usado). Cierra Edge y elimina locks antes.</doc>
<status status="PASS" start="2025-10-25T18:36:19.984654" elapsed="6.905728"/>
</kw>
<test id="s1-t1" name="Opcion A - Abrir página de pista y descargar si hay" line="281">
<kw name="Open Playlist">
<kw name="Go To" owner="SeleniumLibrary">
<msg time="2025-10-25T18:36:26.893382" level="INFO">Opening url 'https://soundcloud.com/doncucho/sets/schranz-3'</msg>
<arg>${PLAYLIST_URL}</arg>
<doc>Navigates the current browser window to the provided ``url``.</doc>
<status status="PASS" start="2025-10-25T18:36:26.893382" elapsed="6.613916"/>
</kw>
<status status="PASS" start="2025-10-25T18:36:26.892384" elapsed="6.614914"/>
</kw>
<kw name="Open Track Page And Open More Menu">
<kw name="Open Track Page By Index">
<kw name="Ensure Track Item Is Rendered">
<kw name="Set Variable" owner="BuiltIn">
<msg time="2025-10-25T18:36:33.511296" level="INFO">${li} = (//li[contains(@class,'trackList__item') or contains(@class,'soundList__item')])[3]</msg>
<var>${li}</var>
<arg>(//li[contains(@class,'trackList__item') or contains(@class,'soundList__item')])[${n}]</arg>
<doc>Returns the given values which can then be assigned to a variables.</doc>
<status status="PASS" start="2025-10-25T18:36:33.511296" elapsed="0.000000"/>
</kw>
<for flavor="IN RANGE">
<iter>
<kw name="Run Keyword And Return Status" owner="BuiltIn">
<kw name="Page Should Contain Element" owner="SeleniumLibrary">
<msg time="2025-10-25T18:36:33.561834" level="INFO">Current page contains element 'xpath=(//li[contains(@class,'trackList__item') or contains(@class,'soundList__item')])[3]'.</msg>
<arg>xpath=${li}</arg>
<doc>Verifies that element ``locator`` is found on the current page.</doc>
<status status="PASS" start="2025-10-25T18:36:33.513356" elapsed="0.048478"/>
</kw>
<msg time="2025-10-25T18:36:33.562839" level="INFO">${ok} = True</msg>
<var>${ok}</var>
<arg>Page Should Contain Element</arg>
<arg>xpath=${li}</arg>
<doc>Runs the given keyword with given arguments and returns the status as a Boolean value.</doc>
<status status="PASS" start="2025-10-25T18:36:33.512295" elapsed="0.050544"/>
</kw>
<if>
<branch type="IF" condition="${ok}">
<break>
<status status="PASS" start="2025-10-25T18:36:33.562839" elapsed="0.000000"/>
</break>
<status status="PASS" start="2025-10-25T18:36:33.562839" elapsed="0.001000"/>
</branch>
<status status="PASS" start="2025-10-25T18:36:33.562839" elapsed="0.001000"/>
</if>
<kw name="Execute Javascript" owner="SeleniumLibrary">
<arg>window.scrollBy(0, 800)</arg>
<doc>Executes the given JavaScript code with possible arguments.</doc>
<status status="NOT RUN" start="2025-10-25T18:36:33.563839" elapsed="0.000000"/>
</kw>
<kw name="Sleep" owner="BuiltIn">
<arg>0.2 s</arg>
<doc>Pauses the test executed for the given time.</doc>
<status status="NOT RUN" start="2025-10-25T18:36:33.563839" elapsed="0.000000"/>
</kw>
<var name="${i}">0</var>
<status status="PASS" start="2025-10-25T18:36:33.512295" elapsed="0.051544"/>
</iter>
<var>${i}</var>
<value>0</value>
<value>40</value>
<status status="PASS" start="2025-10-25T18:36:33.512295" elapsed="0.052541"/>
</for>
<kw name="Wait Until Page Contains Element" owner="SeleniumLibrary">
<arg>xpath=${li}</arg>
<arg>${BASE_TIMEOUT}</arg>
<doc>Waits until the element ``locator`` appears on the current page.</doc>
<status status="PASS" start="2025-10-25T18:36:33.564836" elapsed="0.049001"/>
</kw>
<kw name="Scroll Element Into View" owner="SeleniumLibrary">
<arg>xpath=${li}</arg>
<doc>Scrolls the element identified by ``locator`` into view.</doc>
<status status="PASS" start="2025-10-25T18:36:33.614840" elapsed="1.727635"/>
</kw>
<arg>${n}</arg>
<status status="PASS" start="2025-10-25T18:36:33.510298" elapsed="1.832177"/>
</kw>
<kw name="Set Variable" owner="BuiltIn">
<msg time="2025-10-25T18:36:35.343480" level="INFO">${li} = (//li[contains(@class,'trackList__item') or contains(@class,'soundList__item')])[3]</msg>
<var>${li}</var>
<arg>(//li[contains(@class,'trackList__item') or contains(@class,'soundList__item')])[${n}]</arg>
<doc>Returns the given values which can then be assigned to a variables.</doc>
<status status="PASS" start="2025-10-25T18:36:35.343480" elapsed="0.000000"/>
</kw>
<kw name="Set Variable" owner="BuiltIn">
<msg time="2025-10-25T18:36:35.343480" level="INFO">${link} = (//li[contains(@class,'trackList__item') or contains(@class,'soundList__item')])[3]//a[contains(@class,'trackItem__trackTitle') or contains(@class,'soundTitle__title') or contains(@href,'/tracks/') or...</msg>
<var>${link}</var>
<arg>${li}//a[contains(@class,'trackItem__trackTitle') or contains(@class,'soundTitle__title') or contains(@href,'/tracks/') or contains(@href,'soundcloud.com/')]</arg>
<doc>Returns the given values which can then be assigned to a variables.</doc>
<status status="PASS" start="2025-10-25T18:36:35.343480" elapsed="0.000000"/>
</kw>
<kw name="Wait Until Element Is Visible" owner="SeleniumLibrary">
<arg>xpath=${link}</arg>
<arg>${BASE_TIMEOUT}</arg>
<doc>Waits until the element ``locator`` is visible.</doc>
<status status="PASS" start="2025-10-25T18:36:35.343480" elapsed="0.361914"/>
</kw>
<kw name="Click Element" owner="SeleniumLibrary">
<msg time="2025-10-25T18:36:35.706395" level="INFO">Clicking element 'xpath=(//li[contains(@class,'trackList__item') or contains(@class,'soundList__item')])[3]//a[contains(@class,'trackItem__trackTitle') or contains(@class,'soundTitle__title') or contains(@href,'/tracks/') or contains(@href,'soundcloud.com/')]'.</msg>
<arg>xpath=${link}</arg>
<doc>Click the element identified by ``locator``.</doc>
<status status="PASS" start="2025-10-25T18:36:35.705394" elapsed="0.324524"/>
</kw>
<kw name="Wait Until Page Contains Element" owner="SeleniumLibrary">
<arg>//div[contains(@class,'listenEngagement') or contains(@class,'fullListen')]//button[contains(@class,'sc-button-more')]</arg>
<arg>${BASE_TIMEOUT}</arg>
<doc>Waits until the element ``locator`` appears on the current page.</doc>
<status status="PASS" start="2025-10-25T18:36:36.030919" elapsed="0.451002"/>
</kw>
<arg>${n}</arg>
<doc>Abre la página de la pista (no comprobamos /tracks/ en la URL; SoundCloud usa /usuario/slug).</doc>
<status status="PASS" start="2025-10-25T18:36:33.509296" elapsed="2.972625"/>
</kw>
<kw name="Open More Menu On Track Page">
<kw name="Set Variable" owner="BuiltIn">
<msg time="2025-10-25T18:36:36.482713" level="INFO">${more_xpath} = //div[contains(@class,'listenEngagement') or contains(@class,'fullListen')]//button[contains(@class,'sc-button-more') and (@aria-label='Más' or @aria-label='More')]</msg>
<var>${more_xpath}</var>
<arg>//div[contains(@class,'listenEngagement') or contains(@class,'fullListen')]//button[contains(@class,'sc-button-more') and (@aria-label='Más' or @aria-label='More')]</arg>
<doc>Returns the given values which can then be assigned to a variables.</doc>
<status status="PASS" start="2025-10-25T18:36:36.482713" elapsed="0.000000"/>
</kw>
<kw name="Wait Until Page Contains Element" owner="SeleniumLibrary">
<arg>xpath=${more_xpath}</arg>
<arg>${BASE_TIMEOUT}</arg>
<doc>Waits until the element ``locator`` appears on the current page.</doc>
<status status="PASS" start="2025-10-25T18:36:36.482713" elapsed="0.051812"/>
</kw>
<kw name="Scroll Element Into View" owner="SeleniumLibrary">
<arg>xpath=${more_xpath}</arg>
<doc>Scrolls the element identified by ``locator`` into view.</doc>
<status status="PASS" start="2025-10-25T18:36:36.534525" elapsed="0.293048"/>
</kw>
<kw name="Wait Until Element Is Visible" owner="SeleniumLibrary">
<arg>xpath=${more_xpath}</arg>
<arg>${BASE_TIMEOUT}</arg>
<doc>Waits until the element ``locator`` is visible.</doc>
<status status="PASS" start="2025-10-25T18:36:36.828566" elapsed="0.032000"/>
</kw>
<kw name="Click Element" owner="SeleniumLibrary">
<msg time="2025-10-25T18:36:36.860566" level="INFO">Clicking element 'xpath=//div[contains(@class,'listenEngagement') or contains(@class,'fullListen')]//button[contains(@class,'sc-button-more') and (@aria-label='Más' or @aria-label='More')]'.</msg>
<arg>xpath=${more_xpath}</arg>
<doc>Click the element identified by ``locator``.</doc>
<status status="PASS" start="2025-10-25T18:36:36.860566" elapsed="0.224314"/>
</kw>
<kw name="Wait Until Keyword Succeeds" owner="BuiltIn">
<kw name="Page Should Contain Element" owner="SeleniumLibrary">
<msg time="2025-10-25T18:36:37.469915" level="INFO">Current page contains element '//div[contains(@class,'dropdown') or contains(@class,'moreActions') or @role='menu' or @role='listbox']'.</msg>
<arg>//div[contains(@class,'dropdown') or contains(@class,'moreActions') or @role='menu' or @role='listbox']</arg>
<doc>Verifies that element ``locator`` is found on the current page.</doc>
<status status="PASS" start="2025-10-25T18:36:37.085883" elapsed="0.384032"/>
</kw>
<arg>10x</arg>
<arg>0.3 s</arg>
<arg>Page Should Contain Element</arg>
<arg>//div[contains(@class,'dropdown') or contains(@class,'moreActions') or @role='menu' or @role='listbox']</arg>
<doc>Runs the specified keyword and retries if it fails.</doc>
<status status="PASS" start="2025-10-25T18:36:37.085883" elapsed="0.384032"/>
</kw>
<doc>En la página de pista, abrir el menú de los tres puntitos.</doc>
<status status="PASS" start="2025-10-25T18:36:36.482713" elapsed="0.988202"/>
</kw>
<arg>${TRACK_NUM}</arg>
<status status="PASS" start="2025-10-25T18:36:33.508294" elapsed="3.962621"/>
</kw>
<kw name="Extract And Save Track Metadata">
<kw name="Sleep" owner="BuiltIn">
<msg time="2025-10-25T18:36:38.473137" level="INFO">Slept 1 second.</msg>
<arg>1</arg>
<doc>Pauses the test executed for the given time.</doc>
<status status="PASS" start="2025-10-25T18:36:37.472916" elapsed="1.000464"/>
</kw>
<kw name="Wait Until Page Contains Element" owner="SeleniumLibrary">
<arg>//h1[contains(@class,'soundTitle__title')]//span</arg>
<arg>${BASE_TIMEOUT}</arg>
<doc>Waits until the element ``locator`` appears on the current page.</doc>
<status status="PASS" start="2025-10-25T18:36:38.473380" elapsed="0.012089"/>
</kw>
<kw name="Get Text" owner="SeleniumLibrary">
<msg time="2025-10-25T18:36:38.508468" level="INFO">${title} = The Cardigans - My Favourite Game (Azzik Schranz Edit) [FREE DL]</msg>
<var>${title}</var>
<arg>xpath=//h1[contains(@class,'soundTitle__title')]//span</arg>
<doc>Returns the text value of the element identified by ``locator``.</doc>
<status status="PASS" start="2025-10-25T18:36:38.485469" elapsed="0.022999"/>
</kw>
<kw name="Get Text" owner="SeleniumLibrary">
<msg time="2025-10-25T18:36:38.533790" level="INFO">${artist} = AZZIK</msg>
<var>${artist}</var>
<arg>xpath=//h2[contains(@class,'soundTitle__username')]//a</arg>
<doc>Returns the text value of the element identified by ``locator``.</doc>
<status status="PASS" start="2025-10-25T18:36:38.508468" elapsed="0.025322"/>
</kw>
<kw name="Run Keyword And Return Status" owner="BuiltIn">
<kw name="Page Should Contain Element" owner="SeleniumLibrary">
<msg time="2025-10-25T18:36:38.552450" level="INFO">Current page contains element 'xpath=(//div[contains(@class,'listenEngagement') or contains(@class,'fullListen')]//span[contains(@class,'sc-artwork') and contains(@style,'background-image')])[1]'.</msg>
<arg>xpath=(//div[contains(@class,'listenEngagement') or contains(@class,'fullListen')]//span[contains(@class,'sc-artwork') and contains(@style,'background-image')])[1]</arg>
<doc>Verifies that element ``locator`` is found on the current page.</doc>
<status status="PASS" start="2025-10-25T18:36:38.533790" elapsed="0.018660"/>
</kw>
<msg time="2025-10-25T18:36:38.553464" level="INFO">${style_found} = True</msg>
<var>${style_found}</var>
<arg>Page Should Contain Element</arg>
<arg>xpath=(//div[contains(@class,'listenEngagement') or contains(@class,'fullListen')]//span[contains(@class,'sc-artwork') and contains(@style,'background-image')])[1]</arg>
<doc>Runs the given keyword with given arguments and returns the status as a Boolean value.</doc>
<status status="PASS" start="2025-10-25T18:36:38.533790" elapsed="0.019674"/>
</kw>
<if>
<branch type="IF" condition="${style_found}">
<kw name="Get Element Attribute" owner="SeleniumLibrary">
<msg time="2025-10-25T18:36:38.578460" level="INFO">${style} = background-image: url("https://i1.sndcdn.com/artworks-055Kmswxl0yQVFf5-sQIJiA-t500x500.png"); opacity: 1;</msg>
<var>${style}</var>
<arg>xpath=(//div[contains(@class,'listenEngagement') or contains(@class,'fullListen')]//span[contains(@class,'sc-artwork') and contains(@style,'background-image')])[1]</arg>
<arg>style</arg>
<doc>Returns the value of ``attribute`` from the element ``locator``.</doc>
<status status="PASS" start="2025-10-25T18:36:38.553464" elapsed="0.024996"/>
</kw>
<kw name="Evaluate" owner="BuiltIn">
<msg time="2025-10-25T18:36:38.578460" level="INFO">${img_url} = https://i1.sndcdn.com/artworks-055Kmswxl0yQVFf5-sQIJiA-t500x500.png</msg>
<var>${img_url}</var>
<arg>__import__('re').search(r'url\\([\"\\\']?(.*?)[\"\\\']?\\)', r"""${style}""").group(1)</arg>
<doc>Evaluates the given expression in Python and returns the result.</doc>
<status status="PASS" start="2025-10-25T18:36:38.578460" elapsed="0.001000"/>
</kw>
<status status="PASS" start="2025-10-25T18:36:38.553464" elapsed="0.025996"/>
</branch>
<branch type="ELSE">
<kw name="Run Keyword And Return Status" owner="BuiltIn">
<var>${og_found}</var>
<arg>Page Should Contain Element</arg>
<arg>xpath=//meta[@property='og:image']</arg>
<doc>Runs the given keyword with given arguments and returns the status as a Boolean value.</doc>
<status status="NOT RUN" start="2025-10-25T18:36:38.579460" elapsed="0.000000"/>
</kw>
<if>
<branch type="IF" condition="${og_found}">
<kw name="Get Element Attribute" owner="SeleniumLibrary">
<var>${img_url}</var>
<arg>xpath=//meta[@property='og:image']</arg>
<arg>content</arg>
<doc>Returns the value of ``attribute`` from the element ``locator``.</doc>
<status status="NOT RUN" start="2025-10-25T18:36:38.579460" elapsed="0.000000"/>
</kw>
<status status="NOT RUN" start="2025-10-25T18:36:38.579460" elapsed="0.000000"/>
</branch>
<branch type="ELSE">
<kw name="Get Element Attribute" owner="SeleniumLibrary">
<var>${img_url}</var>
<arg>xpath=(//img[contains(@class,'image__full')])[1]</arg>
<arg>src</arg>
<doc>Returns the value of ``attribute`` from the element ``locator``.</doc>
<status status="NOT RUN" start="2025-10-25T18:36:38.579460" elapsed="0.000000"/>
</kw>
<status status="NOT RUN" start="2025-10-25T18:36:38.579460" elapsed="0.000000"/>
</branch>
<status status="NOT RUN" start="2025-10-25T18:36:38.579460" elapsed="0.000000"/>
</if>
<status status="NOT RUN" start="2025-10-25T18:36:38.579460" elapsed="0.000000"/>
</branch>
<status status="PASS" start="2025-10-25T18:36:38.553464" elapsed="0.025996"/>
</if>
<kw name="_ensure_meta_csv_headers_exist">
<kw name="Set Variable" owner="BuiltIn">
<msg time="2025-10-25T18:36:38.580460" level="INFO">${t_csv} = C:\Users\USER\PycharmProjects\soundcloud-robot\results\meta\titulos.csv</msg>
<var>${t_csv}</var>
<arg>${META_DIR}${/}titulos.csv</arg>
<doc>Returns the given values which can then be assigned to a variables.</doc>
<status status="PASS" start="2025-10-25T18:36:38.580460" elapsed="0.000000"/>
</kw>
<kw name="Set Variable" owner="BuiltIn">
<msg time="2025-10-25T18:36:38.580460" level="INFO">${a_csv} = C:\Users\USER\PycharmProjects\soundcloud-robot\results\meta\artistas.csv</msg>
<var>${a_csv}</var>
<arg>${META_DIR}${/}artistas.csv</arg>
<doc>Returns the given values which can then be assigned to a variables.</doc>
<status status="PASS" start="2025-10-25T18:36:38.580460" elapsed="0.000000"/>
</kw>
<kw name="Run Keyword And Return Status" owner="BuiltIn">
<kw name="File Should Exist" owner="OperatingSystem">
<msg time="2025-10-25T18:36:38.581460" level="FAIL">File 'C:\Users\USER\PycharmProjects\soundcloud-robot\results\meta\titulos.csv' does not exist.</msg>
<arg>${t_csv}</arg>
<doc>Fails unless the given ``path`` points to an existing file.</doc>
<status status="FAIL" start="2025-10-25T18:36:38.581460" elapsed="0.001001">File 'C:\Users\USER\PycharmProjects\soundcloud-robot\results\meta\titulos.csv' does not exist.</status>
</kw>
<msg time="2025-10-25T18:36:38.582461" level="INFO">${t_exists} = False</msg>
<var>${t_exists}</var>
<arg>File Should Exist</arg>
<arg>${t_csv}</arg>
<doc>Runs the given keyword with given arguments and returns the status as a Boolean value.</doc>
<status status="PASS" start="2025-10-25T18:36:38.581460" elapsed="0.001001"/>
</kw>
<kw name="Run Keyword And Return Status" owner="BuiltIn">
<kw name="File Should Exist" owner="OperatingSystem">
<msg time="2025-10-25T18:36:38.583461" level="FAIL">File 'C:\Users\USER\PycharmProjects\soundcloud-robot\results\meta\artistas.csv' does not exist.</msg>
<arg>${a_csv}</arg>
<doc>Fails unless the given ``path`` points to an existing file.</doc>
<status status="FAIL" start="2025-10-25T18:36:38.582461" elapsed="0.001000">File 'C:\Users\USER\PycharmProjects\soundcloud-robot\results\meta\artistas.csv' does not exist.</status>
</kw>
<msg time="2025-10-25T18:36:38.583461" level="INFO">${a_exists} = False</msg>
<var>${a_exists}</var>
<arg>File Should Exist</arg>
<arg>${a_csv}</arg>
<doc>Runs the given keyword with given arguments and returns the status as a Boolean value.</doc>
<status status="PASS" start="2025-10-25T18:36:38.582461" elapsed="0.001000"/>
</kw>
<if>
<branch type="IF" condition="not ${t_exists}">
<kw name="Create File" owner="OperatingSystem">
<msg time="2025-10-25T18:36:38.584460" level="INFO" html="true">Created file '&lt;a href="file://C:\Users\USER\PycharmProjects\soundcloud-robot\results\meta\titulos.csv"&gt;C:\Users\USER\PycharmProjects\soundcloud-robot\results\meta\titulos.csv&lt;/a&gt;'.</msg>
<arg>${t_csv}</arg>
<arg>n,title\n</arg>
<arg>UTF-8</arg>
<doc>Creates a file with the given content and encoding.</doc>
<status status="PASS" start="2025-10-25T18:36:38.583461" elapsed="0.000999"/>
</kw>
<status status="PASS" start="2025-10-25T18:36:38.583461" elapsed="0.000999"/>
</branch>
<status status="PASS" start="2025-10-25T18:36:38.583461" elapsed="0.000999"/>
</if>
<if>
<branch type="IF" condition="not ${a_exists}">
<kw name="Create File" owner="OperatingSystem">
<msg time="2025-10-25T18:36:38.586487" level="INFO" html="true">Created file '&lt;a href="file://C:\Users\USER\PycharmProjects\soundcloud-robot\results\meta\artistas.csv"&gt;C:\Users\USER\PycharmProjects\soundcloud-robot\results\meta\artistas.csv&lt;/a&gt;'.</msg>
<arg>${a_csv}</arg>
<arg>n,artist\n</arg>
<arg>UTF-8</arg>
<doc>Creates a file with the given content and encoding.</doc>
<status status="PASS" start="2025-10-25T18:36:38.585463" elapsed="0.001024"/>
</kw>
<status status="PASS" start="2025-10-25T18:36:38.585463" elapsed="0.001024"/>
</branch>
<status status="PASS" start="2025-10-25T18:36:38.585463" elapsed="0.001024"/>
</if>
<status status="PASS" start="2025-10-25T18:36:38.580460" elapsed="0.006027"/>
</kw>
<kw name="Set Variable" owner="BuiltIn">
<msg time="2025-10-25T18:36:38.587462" level="INFO">${t_csv} = C:\Users\USER\PycharmProjects\soundcloud-robot\results\meta\titulos.csv</msg>
<var>${t_csv}</var>
<arg>${META_DIR}${/}titulos.csv</arg>
<doc>Returns the given values which can then be assigned to a variables.</doc>
<status status="PASS" start="2025-10-25T18:36:38.587462" elapsed="0.000000"/>
</kw>
<kw name="Set Variable" owner="BuiltIn">
<msg time="2025-10-25T18:36:38.587462" level="INFO">${a_csv} = C:\Users\USER\PycharmProjects\soundcloud-robot\results\meta\artistas.csv</msg>
<var>${a_csv}</var>
<arg>${META_DIR}${/}artistas.csv</arg>
<doc>Returns the given values which can then be assigned to a variables.</doc>
<status status="PASS" start="2025-10-25T18:36:38.587462" elapsed="0.000000"/>
</kw>
<kw name="_csv_escape">
<kw name="Replace String" owner="String">
<msg time="2025-10-25T18:36:38.588461" level="INFO">${x} = The Cardigans - My Favourite Game (Azzik Schranz Edit) [FREE DL]</msg>
<var>${x}</var>
<arg>${text}</arg>
<arg>"</arg>
<arg>""</arg>
<doc>Replaces ``search_for`` in the given ``string`` with ``replace_with``.</doc>
<status status="PASS" start="2025-10-25T18:36:38.588461" elapsed="0.000000"/>
</kw>
<kw name="Replace String" owner="String">
<msg time="2025-10-25T18:36:38.589460" level="INFO">${x} = The Cardigans - My Favourite Game (Azzik Schranz Edit) [FREE DL]</msg>
<var>${x}</var>
<arg>${x}</arg>
<arg>\n</arg>
<arg>${EMPTY}</arg>
<doc>Replaces ``search_for`` in the given ``string`` with ``replace_with``.</doc>
<status status="PASS" start="2025-10-25T18:36:38.588461" elapsed="0.000999"/>
</kw>
<kw name="Replace String" owner="String">
<msg time="2025-10-25T18:36:38.589460" level="INFO">${x} = The Cardigans - My Favourite Game (Azzik Schranz Edit) [FREE DL]</msg>
<var>${x}</var>
<arg>${x}</arg>
<arg>\r</arg>
<arg>${EMPTY}</arg>
<doc>Replaces ``search_for`` in the given ``string`` with ``replace_with``.</doc>
<status status="PASS" start="2025-10-25T18:36:38.589460" elapsed="0.000000"/>
</kw>
<return>
<value>${x}</value>
<status status="PASS" start="2025-10-25T18:36:38.590461" elapsed="0.000000"/>
</return>
<msg time="2025-10-25T18:36:38.590461" level="INFO">${title_q} = The Cardigans - My Favourite Game (Azzik Schranz Edit) [FREE DL]</msg>
<var>${title_q}</var>
<arg>${title}</arg>
<status status="PASS" start="2025-10-25T18:36:38.588461" elapsed="0.002000"/>
</kw>
<kw name="_csv_escape">
<kw name="Replace String" owner="String">
<msg time="2025-10-25T18:36:38.590461" level="INFO">${x} = AZZIK</msg>
<var>${x}</var>
<arg>${text}</arg>
<arg>"</arg>
<arg>""</arg>
<doc>Replaces ``search_for`` in the given ``string`` with ``replace_with``.</doc>
<status status="PASS" start="2025-10-25T18:36:38.590461" elapsed="0.000000"/>
</kw>
<kw name="Replace String" owner="String">
<msg time="2025-10-25T18:36:38.591462" level="INFO">${x} = AZZIK</msg>
<var>${x}</var>
<arg>${x}</arg>
<arg>\n</arg>
<arg>${EMPTY}</arg>
<doc>Replaces ``search_for`` in the given ``string`` with ``replace_with``.</doc>
<status status="PASS" start="2025-10-25T18:36:38.591462" elapsed="0.000000"/>
</kw>
<kw name="Replace String" owner="String">
<msg time="2025-10-25T18:36:38.592460" level="INFO">${x} = AZZIK</msg>
<var>${x}</var>
<arg>${x}</arg>
<arg>\r</arg>
<arg>${EMPTY}</arg>
<doc>Replaces ``search_for`` in the given ``string`` with ``replace_with``.</doc>
<status status="PASS" start="2025-10-25T18:36:38.591462" elapsed="0.000998"/>
</kw>
<return>
<value>${x}</value>
<status status="PASS" start="2025-10-25T18:36:38.592460" elapsed="0.000000"/>
</return>
<msg time="2025-10-25T18:36:38.592460" level="INFO">${artist_q} = AZZIK</msg>
<var>${artist_q}</var>
<arg>${artist}</arg>
<status status="PASS" start="2025-10-25T18:36:38.590461" elapsed="0.001999"/>
</kw>
<kw name="Append To File" owner="OperatingSystem">
<msg time="2025-10-25T18:36:38.593497" level="INFO" html="true">Appended to file '&lt;a href="file://C:\Users\USER\PycharmProjects\soundcloud-robot\results\meta\titulos.csv"&gt;C:\Users\USER\PycharmProjects\soundcloud-robot\results\meta\titulos.csv&lt;/a&gt;'.</msg>
<arg>${t_csv}</arg>
<arg>${n},"${title_q}"\n</arg>
<arg>UTF-8</arg>
<doc>Appends the given content to the specified file.</doc>
<status status="PASS" start="2025-10-25T18:36:38.592460" elapsed="0.001037"/>
</kw>
<kw name="Append To File" owner="OperatingSystem">
<msg time="2025-10-25T18:36:38.594460" level="INFO" html="true">Appended to file '&lt;a href="file://C:\Users\USER\PycharmProjects\soundcloud-robot\results\meta\artistas.csv"&gt;C:\Users\USER\PycharmProjects\soundcloud-robot\results\meta\artistas.csv&lt;/a&gt;'.</msg>
<arg>${a_csv}</arg>
<arg>${n},"${artist_q}"\n</arg>
<arg>UTF-8</arg>
<doc>Appends the given content to the specified file.</doc>
<status status="PASS" start="2025-10-25T18:36:38.593497" elapsed="0.000963"/>
</kw>
<kw name="Evaluate" owner="BuiltIn">
<msg time="2025-10-25T18:36:38.595461" level="INFO">${ext} = .png</msg>
<var>${ext}</var>
<arg>(lambda u: (__import__('os').path.splitext(__import__('urllib.parse', fromlist=['urlparse']).urlparse(u).path)[1] or '.png'))(r"""${img_url}""")</arg>
<doc>Evaluates the given expression in Python and returns the result.</doc>
<status status="PASS" start="2025-10-25T18:36:38.594460" elapsed="0.001001"/>
</kw>
<kw name="Set Variable" owner="BuiltIn">
<msg time="2025-10-25T18:36:38.595461" level="INFO">${cover} = C:\Users\USER\PycharmProjects\soundcloud-robot\results\portadas\3.png</msg>
<var>${cover}</var>
<arg>${COVERS_DIR}${/}${n}${ext}</arg>
<doc>Returns the given values which can then be assigned to a variables.</doc>
<status status="PASS" start="2025-10-25T18:36:38.595461" elapsed="0.000000"/>
</kw>
<kw name="Evaluate" owner="BuiltIn">
<arg>__import__('urllib.request', fromlist=['urlretrieve']).urlretrieve(r"""${img_url}""", r"""${cover}""")</arg>
<doc>Evaluates the given expression in Python and returns the result.</doc>
<status status="PASS" start="2025-10-25T18:36:38.595461" elapsed="0.421538"/>
</kw>
<kw name="Log To Console" owner="BuiltIn">
<arg>💾 Guardado meta en CSVs y portada: ${cover}</arg>
<doc>Logs the given message to the console.</doc>
<status status="PASS" start="2025-10-25T18:36:39.017994" elapsed="0.000000"/>
</kw>
<arg>${TRACK_NUM}</arg>
<doc>Desde la página de pista, extrae título, artista y portada, guarda CSVs y descarga la portada.</doc>
<status status="PASS" start="2025-10-25T18:36:37.471915" elapsed="1.546079"/>
</kw>
<kw name="Download If Available">
<kw name="Get File Count In Dir">
<kw name="List Files In Directory" owner="OperatingSystem">
<msg time="2025-10-25T18:36:39.019992" level="INFO" html="true">Listing contents of directory '&lt;a href="file://C:\Users\USER\PycharmProjects\soundcloud-robot\results\downloads"&gt;C:\Users\USER\PycharmProjects\soundcloud-robot\results\downloads&lt;/a&gt;'.</msg>
<msg time="2025-10-25T18:36:39.021990" level="INFO">5 files:
C:\Users\USER\PycharmProjects\soundcloud-robot\results\downloads\The Cardigans - My Favourite Game (Azzik Schranz Edit) Final [mstr].wav
C:\Users\USER\PycharmProjects\soundcloud-robot\results\downloads\cookies_soundcloud.com (1).txt
C:\Users\USER\PycharmProjects\soundcloud-robot\results\downloads\cookies_soundcloud.com (2).txt
C:\Users\USER\PycharmProjects\soundcloud-robot\results\downloads\cookies_soundcloud.com (3).txt
C:\Users\USER\PycharmProjects\soundcloud-robot\results\downloads\cookies_soundcloud.com.txt</msg>
<msg time="2025-10-25T18:36:39.021990" level="INFO">${files} = ['C:\\Users\\USER\\PycharmProjects\\soundcloud-robot\\results\\downloads\\The Cardigans - My Favourite Game (Azzik Schranz Edit) Final [mstr].wav', 'C:\\Users\\USER\\PycharmProjects\\soundcloud-robot\...</msg>
<var>${files}</var>
<arg>${DOWNLOAD_DIR}</arg>
<arg>absolute=True</arg>
<doc>Wrapper for `List Directory` that returns only files.</doc>
<status status="PASS" start="2025-10-25T18:36:39.019992" elapsed="0.001998"/>
</kw>
<kw name="Get Length" owner="BuiltIn">
<msg time="2025-10-25T18:36:39.021990" level="INFO">Length is 5.</msg>
<msg time="2025-10-25T18:36:39.021990" level="INFO">${count} = 5</msg>
<var>${count}</var>
<arg>${files}</arg>
<doc>Returns and logs the length of the given item as an integer.</doc>
<status status="PASS" start="2025-10-25T18:36:39.021990" elapsed="0.000000"/>
</kw>
<return>
<value>${count}</value>
<status status="PASS" start="2025-10-25T18:36:39.022991" elapsed="0.000000"/>
</return>
<msg time="2025-10-25T18:36:39.022991" level="INFO">${before} = 5</msg>
<var>${before}</var>
<status status="PASS" start="2025-10-25T18:36:39.019992" elapsed="0.002999"/>
</kw>
<kw name="Set Variable" owner="BuiltIn">
<msg time="2025-10-25T18:36:39.022991" level="INFO">${download_any} = ["//button[contains(@class,'sc-button-download')]", "| //button[.//span[normalize-space(.)='Download']]", "| //a[(contains(@class,'sc-link') or contains(@class,'download')) and (contains(normalize-spa...</msg>
<var>${download_any}</var>
<arg>//button[contains(@class,'sc-button-download')]</arg>
<arg>| //button[.//span[normalize-space(.)='Download']]</arg>
<arg>| //a[(contains(@class,'sc-link') or contains(@class,'download')) and (contains(normalize-space(.),'Download') or contains(@href,'/download'))]</arg>
<doc>Returns the given values which can then be assigned to a variables.</doc>
<status status="PASS" start="2025-10-25T18:36:39.022991" elapsed="0.000000"/>
</kw>
<kw name="Run Keyword And Return Status" owner="BuiltIn">
<kw name="Wait Until Page Contains Element" owner="SeleniumLibrary">
<msg time="2025-10-25T18:36:39.324999" level="INFO" html="true">&lt;/td&gt;&lt;/tr&gt;&lt;tr&gt;&lt;td colspan="3"&gt;&lt;a href="selenium-screenshot-25.png"&gt;&lt;img src="selenium-screenshot-25.png" width="800px"&gt;&lt;/a&gt;</msg>
<msg time="2025-10-25T18:36:39.324999" level="FAIL">InvalidSelectorException: Message: invalid selector: Unable to locate an element with the xpath expression ["//button[contains(@class,'sc-button-download')]", "| //button[.//span[normalize-space(.)='Download']]", "| //a[(contains(@class,'sc-link') or contains(@class,'download')) and (contains(normalize-space(.),'Download') or contains(@href,'/download'))]"] because of the following error:
SyntaxError: Failed to execute 'evaluate' on 'Document': The string '["//button[contains(@class,'sc-button-download')]", "| //button[.//span[normalize-space(.)='Download']]", "| //a[(contains(@class,'sc-link') or contains(@class,'download')) and (contains(normalize-space(.),'Download') or contains(@href,'/download'))]"]' is not a valid XPath expression.
  (Session info: MicrosoftEdge=141.0.3537.99); For documentation on this error, please visit: https://www.selenium.dev/documentation/webdriver/troubleshooting/errors#invalidselectorexception
Stacktrace:
	GetHandleVerifier [0x0x7ff71e3a2605+51877]
	GetHandleVerifier [0x0x7ff71e3a2664+51972]
	GetHandleVerifier [0x0x7ff71e558bf5+1847445]
	(No symbol) [0x0x7ff71e117c7e]
	(No symbol) [0x0x7ff71e11a54f]
	(No symbol) [0x0x7ff71e11a60f]
	(No symbol) [0x0x7ff71e15ffde]
	(No symbol) [0x0x7ff71e16071b]
	(No symbol) [0x0x7ff71e1a1957]
	(No symbol) [0x0x7ff71e18216f]
	(No symbol) [0x0x7ff71e15667b]
	(No symbol) [0x0x7ff71e19f3d2]
	(No symbol) [0x0x7ff71e181df3]
	(No symbol) [0x0x7ff71e155b36]
	(No symbol) [0x0x7ff71e154d80]
	(No symbol) [0x0x7ff71e155973]
	(No symbol) [0x0x7ff71e21e4a5]
	(No symbol) [0x0x7ff71e21a75d]
	GetHandleVerifier [0x0x7ff71e3cce43+226019]
	GetHandleVerifier [0x0x7ff71e3bc011+156849]
	GetHandleVerifier [0x0x7ff71e3c4509+190889]
	GetHandleVerifier [0x0x7ff71e3a9744+80868]
	GetHandleVerifier [0x0x7ff71e3a9893+81203]
	GetHandleVerifier [0x0x7ff71e397e16+8886]
	BaseThreadInitThunk [0x0x7ffbac167374+20]
	RtlUserThreadStart [0x0x7ffbadc5cc91+33]
</msg>
<arg>xpath=${download_any}</arg>
<arg>5 s</arg>
<doc>Waits until the element ``locator`` appears on the current page.</doc>
<status status="FAIL" start="2025-10-25T18:36:39.022991" elapsed="0.497000">InvalidSelectorException: Message: invalid selector: Unable to locate an element with the xpath expression ["//button[contains(@class,'sc-button-download')]", "| //button[.//span[normalize-space(.)='Download']]", "| //a[(contains(@class,'sc-link') or contains(@class,'download')) and (contains(normalize-space(.),'Download') or contains(@href,'/download'))]"] because of the following error:
SyntaxError: Failed to execute 'evaluate' on 'Document': The string '["//button[contains(@class,'sc-button-download')]", "| //button[.//span[normalize-space(.)='Download']]", "| //a[(contains(@class,'sc-link') or contains(@class,'download')) and (contains(normalize-space(.),'Download') or contains(@href,'/download'))]"]' is not a valid XPath expression.
  (Session info: MicrosoftEdge=141.0.3537.99); For documentation on this error, please visit: https://www.selenium.dev/documentation/webdriver/troubleshooting/errors#invalidselectorexception
Stacktrace:
	GetHandleVerifier [0x0x7ff71e3a2605+51877]
	GetHandleVerifier [0x0x7ff71e3a2664+51972]
	GetHandleVerifier [0x0x7ff71e558bf5+1847445]
	(No symbol) [0x0x7ff71e117c7e]
	(No symbol) [0x0x7ff71e11a54f]
    [ Message content over the limit has been removed. ]
	(No symbol) [0x0x7ff71e15ffde]
	(No symbol) [0x0x7ff71e16071b]
	(No symbol) [0x0x7ff71e1a1957]
	(No symbol) [0x0x7ff71e18216f]
	(No symbol) [0x0x7ff71e15667b]
	(No symbol) [0x0x7ff71e19f3d2]
	(No symbol) [0x0x7ff71e181df3]
	(No symbol) [0x0x7ff71e155b36]
	(No symbol) [0x0x7ff71e154d80]
	(No symbol) [0x0x7ff71e155973]
	(No symbol) [0x0x7ff71e21e4a5]
	(No symbol) [0x0x7ff71e21a75d]
	GetHandleVerifier [0x0x7ff71e3cce43+226019]
	GetHandleVerifier [0x0x7ff71e3bc011+156849]
	GetHandleVerifier [0x0x7ff71e3c4509+190889]
	GetHandleVerifier [0x0x7ff71e3a9744+80868]
	GetHandleVerifier [0x0x7ff71e3a9893+81203]
	GetHandleVerifier [0x0x7ff71e397e16+8886]
	BaseThreadInitThunk [0x0x7ffbac167374+20]
	RtlUserThreadStart [0x0x7ffbadc5cc91+33]</status>
</kw>
<msg time="2025-10-25T18:36:39.519991" level="INFO">${present} = False</msg>
<var>${present}</var>
<arg>Wait Until Page Contains Element</arg>
<arg>xpath=${download_any}</arg>
<arg>5 s</arg>
<doc>Runs the given keyword with given arguments and returns the status as a Boolean value.</doc>
<status status="PASS" start="2025-10-25T18:36:39.022991" elapsed="0.497000"/>
</kw>
<if>
<branch type="IF" condition="${present}">
<kw name="Click Element" owner="SeleniumLibrary">
<arg>xpath=${download_any}</arg>
<doc>Click the element identified by ``locator``.</doc>
<status status="NOT RUN" start="2025-10-25T18:36:39.519991" elapsed="0.000000"/>
</kw>
<kw name="Log To Console" owner="BuiltIn">
<arg>✅ Click en “Download”</arg>
<doc>Logs the given message to the console.</doc>
<status status="NOT RUN" start="2025-10-25T18:36:39.520991" elapsed="0.000000"/>
</kw>
<status status="NOT RUN" start="2025-10-25T18:36:39.519991" elapsed="0.001000"/>
</branch>
<branch type="ELSE">
<kw name="Press Keys" owner="SeleniumLibrary">
<msg time="2025-10-25T18:36:39.521992" level="INFO">Sending key(s) ('ESC',) to page.</msg>
<msg time="2025-10-25T18:36:39.521992" level="INFO">Pressing special key ESCAPE to browser.</msg>
<msg time="2025-10-25T18:36:39.521992" level="INFO">Releasing special key ESCAPE.</msg>
<arg>NONE</arg>
<arg>ESC</arg>
<doc>Simulates the user pressing key(s) to an element or on the active browser.</doc>
<status status="PASS" start="2025-10-25T18:36:39.520991" elapsed="0.015004"/>
</kw>
<kw name="Sleep" owner="BuiltIn">
<msg time="2025-10-25T18:36:39.836440" level="INFO">Slept 300 milliseconds.</msg>
<arg>0.3 s</arg>
<doc>Pauses the test executed for the given time.</doc>
<status status="PASS" start="2025-10-25T18:36:39.535995" elapsed="0.300445"/>
</kw>
<kw name="Click Purchase Link If Hypeddit">
<kw name="Set Variable" owner="BuiltIn">
<msg time="2025-10-25T18:36:39.837439" level="INFO">${purchase} = //a[contains(@class,'soundActions__purchaseLink')]</msg>
<var>${purchase}</var>
<arg>//a[contains(@class,'soundActions__purchaseLink')]</arg>
<doc>Returns the given values which can then be assigned to a variables.</doc>
<status status="PASS" start="2025-10-25T18:36:39.836440" elapsed="0.000999"/>
</kw>
<kw name="Run Keyword And Return Status" owner="BuiltIn">
<kw name="Page Should Contain Element" owner="SeleniumLibrary">
<msg time="2025-10-25T18:36:39.870496" level="INFO">Current page contains element 'xpath=//a[contains(@class,'soundActions__purchaseLink')]'.</msg>
<arg>xpath=${purchase}</arg>
<doc>Verifies that element ``locator`` is found on the current page.</doc>
<status status="PASS" start="2025-10-25T18:36:39.837439" elapsed="0.033057"/>
</kw>
<msg time="2025-10-25T18:36:39.870496" level="INFO">${exists} = True</msg>
<var>${exists}</var>
<arg>Page Should Contain Element</arg>
<arg>xpath=${purchase}</arg>
<doc>Runs the given keyword with given arguments and returns the status as a Boolean value.</doc>
<status status="PASS" start="2025-10-25T18:36:39.837439" elapsed="0.033057"/>
</kw>
<if>
<branch type="IF" condition="not ${exists}">
<kw name="Log To Console" owner="BuiltIn">
<arg>🔎 No hay botón de descarga externa en esta pista</arg>
<doc>Logs the given message to the console.</doc>
<status status="NOT RUN" start="2025-10-25T18:36:39.871496" elapsed="0.000000"/>
</kw>
<return>
<value>None</value>
<status status="NOT RUN" start="2025-10-25T18:36:39.871496" elapsed="0.000000"/>
</return>
<status status="NOT RUN" start="2025-10-25T18:36:39.871496" elapsed="0.000000"/>
</branch>
<status status="PASS" start="2025-10-25T18:36:39.871496" elapsed="0.000000"/>
</if>
<kw name="Get Element Attribute" owner="SeleniumLibrary">
<msg time="2025-10-25T18:36:39.903495" level="INFO">${href} = https://gate.sc/?url=https%3A%2F%2Fhypeddit.com%2Fazzik%2Fthecardigansmyfavouritegameazzikschranzedit&amp;token=4e6bb2-1-1761410196501</msg>
<var>${href}</var>
<arg>xpath=${purchase}</arg>
<arg>href</arg>
<doc>Returns the value of ``attribute`` from the element ``locator``.</doc>
<status status="PASS" start="2025-10-25T18:36:39.872496" elapsed="0.030999"/>
</kw>
<kw name="Resolve Link To Final Url And Domain">
<kw name="Evaluate" owner="BuiltIn">
<msg time="2025-10-25T18:36:39.905497" level="INFO">${final_url} = https://hypeddit.com/azzik/thecardigansmyfavouritegameazzikschranzedit</msg>
<var>${final_url}</var>
<arg>(lambda h:(lambda up:( up.unquote(up.parse_qs(up.urlparse(h).query).get('url',[''])[0]) if 'gate.sc' in up.urlparse(h).netloc else h ))(__import__('urllib.parse', fromlist=['urlparse','parse_qs','unquote'])))(r"""${href}""")</arg>
<doc>Evaluates the given expression in Python and returns the result.</doc>
<status status="PASS" start="2025-10-25T18:36:39.904496" elapsed="0.001001"/>
</kw>
<kw name="Evaluate" owner="BuiltIn">
<msg time="2025-10-25T18:36:39.906496" level="INFO">${domain} = hypeddit.com</msg>
<var>${domain}</var>
<arg>__import__('urllib.parse', fromlist=['urlparse']).urlparse(r"""${final_url}""").netloc.lower()</arg>
<doc>Evaluates the given expression in Python and returns the result.</doc>
<status status="PASS" start="2025-10-25T18:36:39.905497" elapsed="0.000999"/>
</kw>
<return>
<value>${final_url}</value>
<value>${domain}</value>
<status status="PASS" start="2025-10-25T18:36:39.906496" elapsed="0.000000"/>
</return>
<msg time="2025-10-25T18:36:39.906496" level="INFO">${final_url} = https://hypeddit.com/azzik/thecardigansmyfavouritegameazzikschranzedit</msg>
<msg time="2025-10-25T18:36:39.907497" level="INFO">${domain} = hypeddit.com</msg>
<var>${final_url}</var>
<var>${domain}</var>
<arg>${href}</arg>
<status status="PASS" start="2025-10-25T18:36:39.903495" elapsed="0.004002"/>
</kw>
<kw name="Log To Console" owner="BuiltIn">
<arg>🔗 Enlace externo detectado → ${domain}</arg>
<doc>Logs the given message to the console.</doc>
<status status="PASS" start="2025-10-25T18:36:39.907497" elapsed="0.001002"/>
</kw>
<if>
<branch type="IF" condition="'hypeddit.com' in '${domain}'">
<kw name="Get Window Handles" owner="SeleniumLibrary">
<msg time="2025-10-25T18:36:39.968499" level="INFO">${before} = ['BD75765489E03091FECDD7728A5ECC2B', '2F6FFEAB32EA6ED74573084E7F35C837']</msg>
<var>${before}</var>
<doc>Returns all child window handles of the selected browser as a list.</doc>
<status status="PASS" start="2025-10-25T18:36:39.909505" elapsed="0.058994"/>
</kw>
<kw name="Get Length" owner="BuiltIn">
<msg time="2025-10-25T18:36:39.968499" level="INFO">Length is 2.</msg>
<msg time="2025-10-25T18:36:39.969499" level="INFO">${prev} = 2</msg>
<var>${prev}</var>
<arg>${before}</arg>
<doc>Returns and logs the length of the given item as an integer.</doc>
<status status="PASS" start="2025-10-25T18:36:39.968499" elapsed="0.001000"/>
</kw>
<kw name="Click Element" owner="SeleniumLibrary">
<msg time="2025-10-25T18:36:39.970501" level="INFO">Clicking element 'xpath=//a[contains(@class,'soundActions__purchaseLink')]'.</msg>
<arg>xpath=${purchase}</arg>
<doc>Click the element identified by ``locator``.</doc>
<status status="PASS" start="2025-10-25T18:36:39.969499" elapsed="0.214044"/>
</kw>
<kw name="Wait Until Keyword Succeeds" owner="BuiltIn">
<kw name="Window Count Should Be Greater">
<kw name="Get Window Handles" owner="SeleniumLibrary">
<msg time="2025-10-25T18:36:40.235543" level="INFO">${handles} = ['BD75765489E03091FECDD7728A5ECC2B', '2F6FFEAB32EA6ED74573084E7F35C837', 'D2CFA83CCBE9FA7A3825C3BE2F7AB5B5']</msg>
<var>${handles}</var>
<doc>Returns all child window handles of the selected browser as a list.</doc>
<status status="PASS" start="2025-10-25T18:36:40.185542" elapsed="0.050001"/>
</kw>
<kw name="Get Length" owner="BuiltIn">
<msg time="2025-10-25T18:36:40.236545" level="INFO">Length is 3.</msg>
<msg time="2025-10-25T18:36:40.236545" level="INFO">${n} = 3</msg>
<var>${n}</var>
<arg>${handles}</arg>
<doc>Returns and logs the length of the given item as an integer.</doc>
<status status="PASS" start="2025-10-25T18:36:40.235543" elapsed="0.001002"/>
</kw>
<kw name="Should Be True" owner="BuiltIn">
<arg>${n} &gt; ${prev}</arg>
<doc>Fails if the given condition is not true.</doc>
<status status="PASS" start="2025-10-25T18:36:40.236545" elapsed="0.000000"/>
</kw>
<arg>${prev}</arg>
<status status="PASS" start="2025-10-25T18:36:40.184543" elapsed="0.053001"/>
</kw>
<arg>20x</arg>
<arg>0.5 s</arg>
<arg>Window Count Should Be Greater</arg>
<arg>${prev}</arg>
<doc>Runs the specified keyword and retries if it fails.</doc>
<status status="PASS" start="2025-10-25T18:36:40.184543" elapsed="0.053001"/>
</kw>
<kw name="Switch Window" owner="SeleniumLibrary">
<arg>NEW</arg>
<doc>Switches to browser window matching ``locator``.</doc>
<status status="PASS" start="2025-10-25T18:36:40.237544" elapsed="0.009000"/>
</kw>
<kw name="Log To Console" owner="BuiltIn">
<arg>✅ Abierto Hypeddit en nueva pestaña: ${final_url}</arg>
<doc>Logs the given message to the console.</doc>
<status status="PASS" start="2025-10-25T18:36:40.246544" elapsed="0.000998"/>
</kw>
<return>
<value>${final_url}</value>
<status status="PASS" start="2025-10-25T18:36:40.247542" elapsed="0.000000"/>
</return>
<status status="PASS" start="2025-10-25T18:36:39.908499" elapsed="0.339043"/>
</branch>
<branch type="ELSE">
<kw name="Log To Console" owner="BuiltIn">
<arg>⚠️ Enlace externo NO permitido: ${domain} (no se abre)</arg>
<doc>Logs the given message to the console.</doc>
<status status="NOT RUN" start="2025-10-25T18:36:40.247542" elapsed="0.000000"/>
</kw>
<return>
<value>None</value>
<status status="NOT RUN" start="2025-10-25T18:36:40.247542" elapsed="0.001001"/>
</return>
<status status="NOT RUN" start="2025-10-25T18:36:40.247542" elapsed="0.001001"/>
</branch>
<status status="PASS" start="2025-10-25T18:36:39.908499" elapsed="0.340044"/>
</if>
<msg time="2025-10-25T18:36:40.248543" level="INFO">${opened} = https://hypeddit.com/azzik/thecardigansmyfavouritegameazzikschranzedit</msg>
<var>${opened}</var>
<doc>Busca el botón externo en la página de pista y lo abre SÓLO si el destino es hypeddit.com.</doc>
<status status="PASS" start="2025-10-25T18:36:39.836440" elapsed="0.412103"/>
</kw>
<return>
<value>${opened}</value>
<status status="PASS" start="2025-10-25T18:36:40.248543" elapsed="0.000000"/>
</return>
<if>
<branch type="IF" condition="'${opened}'=='None'">
<kw name="Log To Console" owner="BuiltIn">
<arg>❌ NO HAY DESCARGA ni enlace Hypeddit permitido</arg>
<doc>Logs the given message to the console.</doc>
<status status="NOT RUN" start="2025-10-25T18:36:40.249545" elapsed="0.000000"/>
</kw>
<status status="NOT RUN" start="2025-10-25T18:36:40.248543" elapsed="0.001002"/>
</branch>
<status status="NOT RUN" start="2025-10-25T18:36:40.248543" elapsed="0.001002"/>
</if>
<status status="PASS" start="2025-10-25T18:36:39.520991" elapsed="0.728554"/>
</branch>
<status status="PASS" start="2025-10-25T18:36:39.519991" elapsed="0.729554"/>
</if>
<msg time="2025-10-25T18:36:40.249545" level="INFO">${hyp_url} = https://hypeddit.com/azzik/thecardigansmyfavouritegameazzikschranzedit</msg>
<var>${hyp_url}</var>
<doc>Intenta “Download”. Si no existe, abre enlace externo SOLO si es Hypeddit.</doc>
<status status="PASS" start="2025-10-25T18:36:39.019005" elapsed="1.230540"/>
</kw>
<kw name="Run Keyword If" owner="BuiltIn">
<kw name="Run Hypeddit Flow" owner="hypeddit">
<kw name="Create Directory" owner="OperatingSystem">
<msg time="2025-10-25T18:36:40.253542" level="INFO" html="true">Directory '&lt;a href="file://C:\Users\USER\PycharmProjects\soundcloud-robot\results\downloads"&gt;C:\Users\USER\PycharmProjects\soundcloud-robot\results\downloads&lt;/a&gt;' already exists.</msg>
<arg>${download_dir}</arg>
<doc>Creates the specified directory.</doc>
<status status="PASS" start="2025-10-25T18:36:40.252542" elapsed="0.001000"/>
</kw>
<kw name="Wait Until Page Contains Element" owner="SeleniumLibrary">
<arg>css=#downloadProcess</arg>
<arg>${PAGE_WAIT}</arg>
<doc>Waits until the element ``locator`` appears on the current page.</doc>
<status status="PASS" start="2025-10-25T18:36:40.253542" elapsed="3.901094"/>
</kw>
<kw name="Sleep" owner="BuiltIn">
<msg time="2025-10-25T18:36:44.856593" level="INFO">Slept 700 milliseconds.</msg>
<arg>${SHORT_PAUSE}</arg>
<doc>Pauses the test executed for the given time.</doc>
<status status="PASS" start="2025-10-25T18:36:44.154636" elapsed="0.701957"/>
</kw>
<kw name="Scroll Element Into View" owner="SeleniumLibrary">
<arg>css=#downloadProcess</arg>
<doc>Scrolls the element identified by ``locator`` into view.</doc>
<status status="PASS" start="2025-10-25T18:36:44.856593" elapsed="0.288561"/>
</kw>
<kw name="Click Element" owner="SeleniumLibrary">
<msg time="2025-10-25T18:36:45.146154" level="INFO">Clicking element 'css=#downloadProcess'.</msg>
<arg>css=#downloadProcess</arg>
<doc>Click the element identified by ``locator``.</doc>
<status status="PASS" start="2025-10-25T18:36:45.146154" elapsed="0.111589"/>
</kw>
<kw name="Sleep" owner="BuiltIn">
<msg time="2025-10-25T18:36:45.958100" level="INFO">Slept 700 milliseconds.</msg>
<arg>${SHORT_PAUSE}</arg>
<doc>Pauses the test executed for the given time.</doc>
<status status="PASS" start="2025-10-25T18:36:45.257743" elapsed="0.700357"/>
</kw>
<kw name="Wait Until Page Contains Element" owner="SeleniumLibrary">
<arg>css=#sc_comment_text</arg>
<arg>${PAGE_WAIT}</arg>
<doc>Waits until the element ``locator`` appears on the current page.</doc>
<status status="PASS" start="2025-10-25T18:36:45.958100" elapsed="0.011240"/>
</kw>
<kw name="Input Text" owner="SeleniumLibrary">
<msg time="2025-10-25T18:36:45.970384" level="INFO">Typing text 'fire' into text field 'css=#sc_comment_text'.</msg>
<arg>css=#sc_comment_text</arg>
<arg>${comment_text}</arg>
<doc>Types the given ``text`` into the text field identified by ``locator``.</doc>
<status status="PASS" start="2025-10-25T18:36:45.969340" elapsed="0.122122"/>
</kw>
<kw name="Sleep" owner="BuiltIn">
<msg time="2025-10-25T18:36:46.792854" level="INFO">Slept 700 milliseconds.</msg>
<arg>${SHORT_PAUSE}</arg>
<doc>Pauses the test executed for the given time.</doc>
<status status="PASS" start="2025-10-25T18:36:46.092455" elapsed="0.700399"/>
</kw>
<kw name="Click Element" owner="SeleniumLibrary">
<msg time="2025-10-25T18:36:46.792854" level="INFO">Clicking element 'css=#login_to_sc'.</msg>
<arg>css=#login_to_sc</arg>
<doc>Click the element identified by ``locator``.</doc>
<status status="PASS" start="2025-10-25T18:36:46.792854" elapsed="0.194262"/>
</kw>
<kw name="Log To Console" owner="BuiltIn">
<arg>Esperando popup de SoundCloud… ⌛</arg>
<doc>Logs the given message to the console.</doc>
<status status="PASS" start="2025-10-25T18:36:46.988116" elapsed="0.000000"/>
</kw>
<kw name="Get Window Handles" owner="SeleniumLibrary">
<msg time="2025-10-25T18:36:47.028116" level="INFO">${handles_before} = ['BD75765489E03091FECDD7728A5ECC2B', '2F6FFEAB32EA6ED74573084E7F35C837', 'D2CFA83CCBE9FA7A3825C3BE2F7AB5B5', 'EFEF80F3E20B12CDABED5FD0C1D31107']</msg>
<var>${handles_before}</var>
<doc>Returns all child window handles of the selected browser as a list.</doc>
<status status="PASS" start="2025-10-25T18:36:46.988116" elapsed="0.040000"/>
</kw>
<kw name="Switch To Last Window" owner="hypeddit">
<kw name="Get Window Handles" owner="SeleniumLibrary">
<msg time="2025-10-25T18:36:47.050114" level="INFO">${handles} = ['BD75765489E03091FECDD7728A5ECC2B', '2F6FFEAB32EA6ED74573084E7F35C837', 'D2CFA83CCBE9FA7A3825C3BE2F7AB5B5', 'EFEF80F3E20B12CDABED5FD0C1D31107']</msg>
<var>${handles}</var>
<doc>Returns all child window handles of the selected browser as a list.</doc>
<status status="PASS" start="2025-10-25T18:36:47.047114" elapsed="0.003000"/>
</kw>
<kw name="Evaluate" owner="BuiltIn">
<msg time="2025-10-25T18:36:47.051115" level="INFO">${last} = 3</msg>
<var>${last}</var>
<arg>len($handles)-1</arg>
<doc>Evaluates the given expression in Python and returns the result.</doc>
<status status="PASS" start="2025-10-25T18:36:47.050114" elapsed="0.001001"/>
</kw>
<kw name="Switch Window" owner="SeleniumLibrary">
<arg>${handles}[${last}]</arg>
<doc>Switches to browser window matching ``locator``.</doc>
<status status="PASS" start="2025-10-25T18:36:47.051115" elapsed="0.329001"/>
</kw>
<status status="PASS" start="2025-10-25T18:36:47.028116" elapsed="0.353003"/>
</kw>
<kw name="Sleep" owner="BuiltIn">
<msg time="2025-10-25T18:36:48.381509" level="INFO">Slept 1 second.</msg>
<arg>${AFTER_SWITCH_PAUSE}</arg>
<doc>Pauses the test executed for the given time.</doc>
<status status="PASS" start="2025-10-25T18:36:47.381119" elapsed="1.000390"/>
</kw>
<kw name="Wait Until Page Contains Element" owner="SeleniumLibrary">
<arg>css=#submit_approval</arg>
<arg>${PAGE_WAIT}</arg>
<doc>Waits until the element ``locator`` appears on the current page.</doc>
<status status="PASS" start="2025-10-25T18:36:48.381509" elapsed="0.022290"/>
</kw>
<kw name="Click Button" owner="SeleniumLibrary">
<msg time="2025-10-25T18:36:48.404755" level="INFO">Clicking button 'css=#submit_approval'.</msg>
<arg>css=#submit_approval</arg>
<doc>Clicks the button identified by ``locator``.</doc>
<status status="PASS" start="2025-10-25T18:36:48.403799" elapsed="0.074215"/>
</kw>
<kw name="Sleep" owner="BuiltIn">
<msg time="2025-10-25T18:36:49.180424" level="INFO">Slept 700 milliseconds.</msg>
<arg>${SHORT_PAUSE}</arg>
<doc>Pauses the test executed for the given time.</doc>
<status status="PASS" start="2025-10-25T18:36:48.478014" elapsed="0.702410"/>
</kw>
<kw name="Switch Window" owner="SeleniumLibrary">
<arg>url:${hypeddit_url}</arg>
<doc>Switches to browser window matching ``locator``.</doc>
<status status="PASS" start="2025-10-25T18:36:49.180424" elapsed="0.366714"/>
</kw>
<kw name="Log To Console" owner="BuiltIn">
<arg>Fin Paso "Connect" 🧩</arg>
<doc>Logs the given message to the console.</doc>
<status status="PASS" start="2025-10-25T18:36:49.547138" elapsed="0.000998"/>
</kw>
<kw name="Wait Until Page Contains Element" owner="SeleniumLibrary">
<arg>css=#instagram_status</arg>
<arg>${PAGE_WAIT}</arg>
<doc>Waits until the element ``locator`` appears on the current page.</doc>
<status status="PASS" start="2025-10-25T18:36:49.548136" elapsed="0.073004"/>
</kw>
<kw name="Click Element" owner="SeleniumLibrary">
<msg time="2025-10-25T18:36:49.622136" level="INFO">Clicking element 'css=#instagram_status'.</msg>
<arg>css=#instagram_status</arg>
<doc>Click the element identified by ``locator``.</doc>
<status status="PASS" start="2025-10-25T18:36:49.622136" elapsed="0.315637"/>
</kw>
<kw name="Log To Console" owner="BuiltIn">
<arg>Botón Instagram clickado</arg>
<doc>Logs the given message to the console.</doc>
<status status="PASS" start="2025-10-25T18:36:49.937773" elapsed="0.000995"/>
</kw>
<kw name="Sleep" owner="BuiltIn">
<msg time="2025-10-25T18:36:50.640454" level="INFO">Slept 700 milliseconds.</msg>
<arg>${SHORT_PAUSE}</arg>
<doc>Pauses the test executed for the given time.</doc>
<status status="PASS" start="2025-10-25T18:36:49.939779" elapsed="0.700675"/>
</kw>
<kw name="Switch To Last Window" owner="hypeddit">
<kw name="Get Window Handles" owner="SeleniumLibrary">
<msg time="2025-10-25T18:36:50.773967" level="INFO">${handles} = ['BD75765489E03091FECDD7728A5ECC2B', '2F6FFEAB32EA6ED74573084E7F35C837', 'D2CFA83CCBE9FA7A3825C3BE2F7AB5B5', 'C8A7261D0872C4B19313DDCD1FC7105F']</msg>
<var>${handles}</var>
<doc>Returns all child window handles of the selected browser as a list.</doc>
<status status="PASS" start="2025-10-25T18:36:50.641455" elapsed="0.132512"/>
</kw>
<kw name="Evaluate" owner="BuiltIn">
<msg time="2025-10-25T18:36:50.774969" level="INFO">${last} = 3</msg>
<var>${last}</var>
<arg>len($handles)-1</arg>
<doc>Evaluates the given expression in Python and returns the result.</doc>
<status status="PASS" start="2025-10-25T18:36:50.774969" elapsed="0.000000"/>
</kw>
<kw name="Switch Window" owner="SeleniumLibrary">
<arg>${handles}[${last}]</arg>
<doc>Switches to browser window matching ``locator``.</doc>
<status status="PASS" start="2025-10-25T18:36:50.774969" elapsed="0.221174"/>
</kw>
<status status="PASS" start="2025-10-25T18:36:50.640454" elapsed="0.355689"/>
</kw>
<kw name="Sleep" owner="BuiltIn">
<msg time="2025-10-25T18:36:51.996655" level="INFO">Slept 1 second.</msg>
<arg>1s</arg>
<doc>Pauses the test executed for the given time.</doc>
<status status="PASS" start="2025-10-25T18:36:50.996143" elapsed="1.000512"/>
</kw>
<kw name="Close Window" owner="SeleniumLibrary">
<doc>Closes currently opened and selected browser window/tab.</doc>
<status status="PASS" start="2025-10-25T18:36:51.996655" elapsed="0.071991"/>
</kw>
<kw name="Log To Console" owner="BuiltIn">
<arg>Popup de Instagram cerrado</arg>
<doc>Logs the given message to the console.</doc>
<status status="PASS" start="2025-10-25T18:36:52.068646" elapsed="0.000000"/>
</kw>
<kw name="Sleep" owner="BuiltIn">
<msg time="2025-10-25T18:36:52.770208" level="INFO">Slept 700 milliseconds.</msg>
<arg>${SHORT_PAUSE}</arg>
<doc>Pauses the test executed for the given time.</doc>
<status status="PASS" start="2025-10-25T18:36:52.069647" elapsed="0.700561"/>
</kw>
<kw name="Switch Window" owner="SeleniumLibrary">
<arg>url:${hypeddit_url}</arg>
<doc>Switches to browser window matching ``locator``.</doc>
<status status="PASS" start="2025-10-25T18:36:52.770781" elapsed="0.180455"/>
</kw>
<kw name="Click Visible Next" owner="hypeddit">
<kw name="Run Keyword And Return Status" owner="BuiltIn">
<kw name="Element Should Be Visible" owner="SeleniumLibrary">
<msg time="2025-10-25T18:36:52.970237" level="INFO">Element 'css=#skipper_ig_next' is displayed.</msg>
<arg>css=#skipper_ig_next</arg>
<doc>Verifies that the element identified by ``locator`` is visible.</doc>
<status status="PASS" start="2025-10-25T18:36:52.952237" elapsed="0.018000"/>
</kw>
<msg time="2025-10-25T18:36:52.971244" level="INFO">${next1} = True</msg>
<var>${next1}</var>
<arg>Element Should Be Visible</arg>
<arg>css=#skipper_ig_next</arg>
<doc>Runs the given keyword with given arguments and returns the status as a Boolean value.</doc>
<status status="PASS" start="2025-10-25T18:36:52.951236" elapsed="0.020008"/>
</kw>
<if>
<branch type="IF" condition="${next1}">
<kw name="Wait Until Element Is Enabled" owner="SeleniumLibrary">
<arg>css=#skipper_ig_next</arg>
<arg>${BASE_TIMEOUT}</arg>
<doc>Waits until the element ``locator`` is enabled.</doc>
<status status="PASS" start="2025-10-25T18:36:52.972245" elapsed="0.017991"/>
</kw>
<kw name="Click Element" owner="SeleniumLibrary">
<msg time="2025-10-25T18:36:52.991237" level="INFO">Clicking element 'css=#skipper_ig_next'.</msg>
<arg>css=#skipper_ig_next</arg>
<doc>Click the element identified by ``locator``.</doc>
<status status="PASS" start="2025-10-25T18:36:52.991237" elapsed="0.064006"/>
</kw>
<return>
<status status="PASS" start="2025-10-25T18:36:53.055243" elapsed="0.000000"/>
</return>
<status status="PASS" start="2025-10-25T18:36:52.971244" elapsed="0.084996"/>
</branch>
<status status="PASS" start="2025-10-25T18:36:52.971244" elapsed="0.084996"/>
</if>
<kw name="Run Keyword And Return Status" owner="BuiltIn">
<var>${next2}</var>
<arg>Element Should Be Visible</arg>
<arg>css=#skipper_ig_channel</arg>
<doc>Runs the given keyword with given arguments and returns the status as a Boolean value.</doc>
<status status="NOT RUN" start="2025-10-25T18:36:53.056240" elapsed="0.000000"/>
</kw>
<if>
<branch type="IF" condition="${next2}">
<kw name="Wait Until Element Is Enabled" owner="SeleniumLibrary">
<arg>css=#skipper_ig_channel</arg>
<arg>${BASE_TIMEOUT}</arg>
<doc>Waits until the element ``locator`` is enabled.</doc>
<status status="NOT RUN" start="2025-10-25T18:36:53.057259" elapsed="0.000000"/>
</kw>
<kw name="Run Keyword And Ignore Error" owner="BuiltIn">
<var>${ok}</var>
<var>${_}</var>
<arg>Click Element</arg>
<arg>css=#skipper_ig_channel</arg>
<doc>Runs the given keyword with the given arguments and ignores possible error.</doc>
<status status="NOT RUN" start="2025-10-25T18:36:53.057259" elapsed="0.000000"/>
</kw>
<if>
<branch type="IF" condition="'${ok}'=='PASS'">
<return>
<status status="NOT RUN" start="2025-10-25T18:36:53.057259" elapsed="0.000000"/>
</return>
<status status="NOT RUN" start="2025-10-25T18:36:53.057259" elapsed="0.000000"/>
</branch>
<status status="NOT RUN" start="2025-10-25T18:36:53.057259" elapsed="0.000000"/>
</if>
<kw name="Execute Javascript" owner="SeleniumLibrary">
<arg>document.getElementById('skipper_ig_channel')?.click()</arg>
<doc>Executes the given JavaScript code with possible arguments.</doc>
<status status="NOT RUN" start="2025-10-25T18:36:53.057259" elapsed="0.000000"/>
</kw>
<return>
<status status="NOT RUN" start="2025-10-25T18:36:53.057259" elapsed="0.000980"/>
</return>
<status status="NOT RUN" start="2025-10-25T18:36:53.056240" elapsed="0.001999"/>
</branch>
<status status="NOT RUN" start="2025-10-25T18:36:53.056240" elapsed="0.001999"/>
</if>
<kw name="Fail" owner="BuiltIn">
<arg>No hay botón Next visible (ni #skipper_ig_next ni #skipper_ig_channel).</arg>
<doc>Fails the test with the given message and optionally alters its tags.</doc>
<status status="NOT RUN" start="2025-10-25T18:36:53.058239" elapsed="0.000000"/>
</kw>
<status status="PASS" start="2025-10-25T18:36:52.951236" elapsed="0.107003"/>
</kw>
<kw name="Log To Console" owner="BuiltIn">
<arg>Fin Paso Instagram</arg>
<doc>Logs the given message to the console.</doc>
<status status="PASS" start="2025-10-25T18:36:53.058239" elapsed="0.000000"/>
</kw>
<kw name="Wait Until Element Is Visible" owner="SeleniumLibrary">
<arg>css=#gateDownloadButton</arg>
<arg>${PAGE_WAIT}</arg>
<doc>Waits until the element ``locator`` is visible.</doc>
<status status="PASS" start="2025-10-25T18:36:53.059238" elapsed="0.020001"/>
</kw>
<kw name="Sleep" owner="BuiltIn">
<msg time="2025-10-25T18:36:53.779940" level="INFO">Slept 700 milliseconds.</msg>
<arg>${SHORT_PAUSE}</arg>
<doc>Pauses the test executed for the given time.</doc>
<status status="PASS" start="2025-10-25T18:36:53.079239" elapsed="0.700701"/>
</kw>
<kw name="Click Element" owner="SeleniumLibrary">
<msg time="2025-10-25T18:36:53.779940" level="INFO">Clicking element 'css=#gateDownloadButton'.</msg>
<arg>css=#gateDownloadButton</arg>
<doc>Click the element identified by ``locator``.</doc>
<status status="PASS" start="2025-10-25T18:36:53.779940" elapsed="0.084335"/>
</kw>
<kw name="Sleep" owner="BuiltIn">
<msg time="2025-10-25T18:36:56.864989" level="INFO">Slept 3 seconds.</msg>
<arg>3</arg>
<doc>Pauses the test executed for the given time.</doc>
<status status="PASS" start="2025-10-25T18:36:53.864275" elapsed="3.000714"/>
</kw>
<kw name="Close Window" owner="SeleniumLibrary">
<doc>Closes currently opened and selected browser window/tab.</doc>
<status status="PASS" start="2025-10-25T18:36:56.864989" elapsed="0.104027"/>
</kw>
<arg>${hyp_url}</arg>
<arg>fire</arg>
<doc>Ejecuta el flujo completo de Hypeddit en ${hypeddit_url}.
1) Download -&gt; comment -&gt; login SC en popup y aprobar
2) Paso Instagram: abre popup, espera y cierra
3) Click Download final</doc>
<status status="PASS" start="2025-10-25T18:36:40.252542" elapsed="16.716474"/>
</kw>
<arg>'${hyp_url}'!='None'</arg>
<arg>Run Hypeddit Flow</arg>
<arg>${hyp_url}</arg>
<arg>fire</arg>
<doc>Runs the given keyword with the given arguments, if ``condition`` is true.</doc>
<status status="PASS" start="2025-10-25T18:36:40.250542" elapsed="16.718474"/>
</kw>
<kw name="Sleep" owner="BuiltIn">
<msg time="2025-10-25T18:37:16.970557" level="INFO">Slept 20 seconds.</msg>
<arg>20</arg>
<doc>Pauses the test executed for the given time.</doc>
<status status="PASS" start="2025-10-25T18:36:56.970016" elapsed="20.000541"/>
</kw>
<status status="PASS" start="2025-10-25T18:36:26.890382" elapsed="50.080932"/>
</test>
<kw name="Close All Browsers" owner="SeleniumLibrary" type="TEARDOWN">
<doc>Closes all open browsers and resets the browser cache.</doc>
<status status="PASS" start="2025-10-25T18:37:16.972296" elapsed="2.643399"/>
</kw>
<doc>SoundCloud downloader – usa el perfil por defecto de Edge (último usado) para aprovechar la sesión iniciada.</doc>
<status status="PASS" start="2025-10-25T18:36:19.337567" elapsed="60.278128"/>
</suite>
<statistics>
<total>
<stat pass="1" fail="0" skip="0">All Tests</stat>
</total>
<tag>
</tag>
<suite>
<stat name="Prueba2" id="s1" pass="1" fail="0" skip="0">Prueba2</stat>
</suite>
</statistics>
<errors>
</errors>
</robot>
